<?xml version="1.0" encoding="UTF-8"?>
<!-- Generated by org.testng.reporters.JUnitReportReporter -->
<testsuite hostname="LAPTOP-OKJ1VVIP" failures="0" tests="1" name="PackHRM.ClassLogin" time="24.465" errors="0" timestamp="2024-08-10T12:58:55 IST" skipped="0">
  <testcase classname="PackHRM.ClassLogin" name="Test1" time="24.465"/>
  <system-out/>
</testsuite> <!-- PackHRM.ClassLogin -->
